<?xml version="1.0" encoding="UTF-8"?>
<!-- Generated by org.testng.reporters.JUnitXMLReporter -->
<testsuite ignored="2" hostname="HP-PCTDFHGJ" failures="0" tests="2" name="Default test(failed)" time="0.058" errors="0" timestamp="2021-10-31T09:51:35 IST">
  <testcase classname="testNGFramework.ExecuteFailedTestINTestNG" name="test2" time="0.009"/>
  <testcase classname="testNGFramework.ExecuteFailedTestINTestNG" name="test4" time="0.001"/>
  <testcase classname="testNGFramework.ExecuteFailedTestINTestNG" name="test1" time="0.0">
    <ignored/>
  </testcase> <!-- test1 -->
  <testcase classname="testNGFramework.ExecuteFailedTestINTestNG" name="test3" time="0.0">
    <ignored/>
  </testcase> <!-- test3 -->
</testsuite> <!-- Default test(failed) -->
