<?xml version="1.0" encoding="UTF-8"?>
<!-- Generated by org.testng.reporters.JUnitXMLReporter -->
<testsuite ignored="2" hostname="HP-PCTDFHGJ" failures="0" tests="1" name="Test" time="0.057" errors="0" timestamp="2021-10-30T10:51:36 IST">
  <testcase classname="testNGFramework.GroupsInTestNGTest" name="loginTest" time="0.01"/>
  <testcase classname="testNGFramework.GroupsInTestNGTest" name="register" time="0.0">
    <ignored/>
  </testcase> <!-- register -->
  <testcase classname="testNGFramework.GroupsInTestNGTest" name="createAaccout" time="0.0">
    <ignored/>
  </testcase> <!-- createAaccout -->
</testsuite> <!-- Test -->
