<?xml version="1.0" encoding="UTF-8"?>
<testng-results ignored="0" total="1" passed="1" failed="0" skipped="0">
  <reporter-output>
  </reporter-output>
  <suite started-at="2021-11-21T09:50:19 IST" name="Default suite" finished-at="2021-11-21T09:50:47 IST" duration-ms="27962">
    <groups>
    </groups>
    <test started-at="2021-11-21T09:50:19 IST" name="Default test" finished-at="2021-11-21T09:50:47 IST" duration-ms="27962">
      <class name="synchronization_in_selenium.FluentWaitsDemo">
        <test-method signature="fluentWaits()[pri:0, instance:synchronization_in_selenium.FluentWaitsDemo@272ed83b]" started-at="2021-11-21T09:50:19 IST" name="fluentWaits" finished-at="2021-11-21T09:50:47 IST" duration-ms="27905" status="PASS">
          <reporter-output>
          </reporter-output>
        </test-method> <!-- fluentWaits -->
      </class> <!-- synchronization_in_selenium.FluentWaitsDemo -->
    </test> <!-- Default test -->
  </suite> <!-- Default suite -->
</testng-results>
